# JRE version: OpenJDK Runtime Environment (11.0.11+9) (build 11.0.11+9-b60-7590822)
# Java VM: OpenJDK 64-Bit Server VM (11.0.11+9-b60-7590822, mixed mode, tiered, compressed oops, g1 gc, windows-amd64)
Heap:
 garbage-first heap   total 311296K, used 183046K [0x0000000080000000, 0x0000000100000000)
  region size 1024K, 93 young (95232K), 16 survivors (16384K)
 Metaspace       used 109404K, capacity 112714K, committed 112940K, reserved 1146880K
  class space    used 14230K, capacity 15476K, committed 15488K, reserved 1048576K
GC Heap History (20 events):
Event: 26.413 GC heap before
{Heap before GC invocations=35 (full 0):
 garbage-first heap   total 129024K, used 105947K [0x0000000080000000, 0x0000000100000000)
  region size 1024K, 12 young (12288K), 2 survivors (2048K)
 Metaspace       used 88147K, capacity 90478K, committed 90924K, reserved 1128448K
  class space    used 11399K, capacity 12265K, committed 12416K, reserved 1048576K
}
Event: 26.416 GC heap after
{Heap after GC invocations=36 (full 0):
 garbage-first heap   total 129024K, used 97436K [0x0000000080000000, 0x0000000100000000)
  region size 1024K, 2 young (2048K), 2 survivors (2048K)
 Metaspace       used 88147K, capacity 90478K, committed 90924K, reserved 1128448K
  class space    used 11399K, capacity 12265K, committed 12416K, reserved 1048576K
}
Event: 26.441 GC heap before
{Heap before GC invocations=36 (full 0):
 garbage-first heap   total 129024K, used 100508K [0x0000000080000000, 0x0000000100000000)
  region size 1024K, 6 young (6144K), 2 survivors (2048K)
 Metaspace       used 88171K, capacity 90481K, committed 90924K, reserved 1128448K
  class space    used 11399K, capacity 12265K, committed 12416K, reserved 1048576K
}
Event: 26.447 GC heap after
{Heap after GC invocations=37 (full 0):
 garbage-first heap   total 129024K, used 87848K [0x0000000080000000, 0x0000000100000000)
  region size 1024K, 1 young (1024K), 1 survivors (1024K)
 Metaspace       used 88171K, capacity 90481K, committed 90924K, reserved 1128448K
  class space    used 11399K, capacity 12265K, committed 12416K, reserved 1048576K
}
Event: 26.713 GC heap before
{Heap before GC invocations=37 (full 0):
 garbage-first heap   total 129024K, used 103208K [0x0000000080000000, 0x0000000100000000)
  region size 1024K, 17 young (17408K), 1 survivors (1024K)
 Metaspace       used 88295K, capacity 90664K, committed 90924K, reserved 1128448K
  class space    used 11407K, capacity 12272K, committed 12416K, reserved 1048576K
}
Event: 26.786 GC heap after
{Heap after GC invocations=38 (full 0):
 garbage-first heap   total 155648K, used 88923K [0x0000000080000000, 0x0000000100000000)
  region size 1024K, 2 young (2048K), 2 survivors (2048K)
 Metaspace       used 88295K, capacity 90664K, committed 90924K, reserved 1128448K
  class space    used 11407K, capacity 12272K, committed 12416K, reserved 1048576K
}
Event: 27.315 GC heap before
{Heap before GC invocations=39 (full 0):
 garbage-first heap   total 155648K, used 112475K [0x0000000080000000, 0x0000000100000000)
  region size 1024K, 30 young (30720K), 2 survivors (2048K)
 Metaspace       used 88434K, capacity 90741K, committed 90924K, reserved 1128448K
  class space    used 11411K, capacity 12273K, committed 12416K, reserved 1048576K
}
Event: 27.322 GC heap after
{Heap after GC invocations=40 (full 0):
 garbage-first heap   total 155648K, used 86826K [0x0000000080000000, 0x0000000100000000)
  region size 1024K, 4 young (4096K), 4 survivors (4096K)
 Metaspace       used 88434K, capacity 90741K, committed 90924K, reserved 1128448K
  class space    used 11411K, capacity 12273K, committed 12416K, reserved 1048576K
}
Event: 27.430 GC heap before
{Heap before GC invocations=40 (full 0):
 garbage-first heap   total 155648K, used 89898K [0x0000000080000000, 0x0000000100000000)
  region size 1024K, 7 young (7168K), 4 survivors (4096K)
 Metaspace       used 88631K, capacity 90913K, committed 91180K, reserved 1128448K
  class space    used 11420K, capacity 12281K, committed 12416K, reserved 1048576K
}
Event: 27.432 GC heap after
{Heap after GC invocations=41 (full 0):
 garbage-first heap   total 155648K, used 85990K [0x0000000080000000, 0x0000000100000000)
  region size 1024K, 1 young (1024K), 1 survivors (1024K)
 Metaspace       used 88631K, capacity 90913K, committed 91180K, reserved 1128448K
  class space    used 11420K, capacity 12281K, committed 12416K, reserved 1048576K
}
Event: 27.743 GC heap before
{Heap before GC invocations=41 (full 0):
 garbage-first heap   total 155648K, used 116710K [0x0000000080000000, 0x0000000100000000)
  region size 1024K, 32 young (32768K), 1 survivors (1024K)
 Metaspace       used 90228K, capacity 92592K, committed 92972K, reserved 1130496K
  class space    used 11639K, capacity 12513K, committed 12672K, reserved 1048576K
}
Event: 27.747 GC heap after
{Heap after GC invocations=42 (full 0):
 garbage-first heap   total 155648K, used 86830K [0x0000000080000000, 0x0000000100000000)
  region size 1024K, 2 young (2048K), 2 survivors (2048K)
 Metaspace       used 90228K, capacity 92592K, committed 92972K, reserved 1130496K
  class space    used 11639K, capacity 12513K, committed 12672K, reserved 1048576K
}
Event: 28.282 GC heap before
{Heap before GC invocations=43 (full 0):
 garbage-first heap   total 155648K, used 119598K [0x0000000080000000, 0x0000000100000000)
  region size 1024K, 35 young (35840K), 2 survivors (2048K)
 Metaspace       used 91371K, capacity 93718K, committed 93868K, reserved 1130496K
  class space    used 11784K, capacity 12675K, committed 12800K, reserved 1048576K
}
Event: 28.286 GC heap after
{Heap after GC invocations=44 (full 0):
 garbage-first heap   total 155648K, used 87844K [0x0000000080000000, 0x0000000100000000)
  region size 1024K, 3 young (3072K), 3 survivors (3072K)
 Metaspace       used 91371K, capacity 93718K, committed 93868K, reserved 1130496K
  class space    used 11784K, capacity 12675K, committed 12800K, reserved 1048576K
}
Event: 33.984 GC heap before
{Heap before GC invocations=44 (full 0):
 garbage-first heap   total 155648K, used 121636K [0x0000000080000000, 0x0000000100000000)
  region size 1024K, 37 young (37888K), 3 survivors (3072K)
 Metaspace       used 93023K, capacity 95398K, committed 95532K, reserved 1132544K
  class space    used 11967K, capacity 12852K, committed 12928K, reserved 1048576K
}
Event: 34.159 GC heap after
{Heap after GC invocations=45 (full 0):
 garbage-first heap   total 311296K, used 90574K [0x0000000080000000, 0x0000000100000000)
  region size 1024K, 5 young (5120K), 5 survivors (5120K)
 Metaspace       used 93023K, capacity 95398K, committed 95532K, reserved 1132544K
  class space    used 11967K, capacity 12852K, committed 12928K, reserved 1048576K
}
Event: 36.271 GC heap before
{Heap before GC invocations=46 (full 0):
 garbage-first heap   total 311296K, used 211406K [0x0000000080000000, 0x0000000100000000)
  region size 1024K, 124 young (126976K), 5 survivors (5120K)
 Metaspace       used 96614K, capacity 98995K, committed 99244K, reserved 1134592K
  class space    used 12357K, capacity 13258K, committed 13312K, reserved 1048576K
}
Event: 36.285 GC heap after
{Heap after GC invocations=47 (full 0):
 garbage-first heap   total 311296K, used 97742K [0x0000000080000000, 0x0000000100000000)
  region size 1024K, 12 young (12288K), 12 survivors (12288K)
 Metaspace       used 96614K, capacity 98995K, committed 99244K, reserved 1134592K
  class space    used 12357K, capacity 13258K, committed 13312K, reserved 1048576K
}
Event: 102.796 GC heap before
{Heap before GC invocations=47 (full 0):
 garbage-first heap   total 311296K, used 225742K [0x0000000080000000, 0x0000000100000000)
  region size 1024K, 134 young (137216K), 12 survivors (12288K)
 Metaspace       used 101689K, capacity 104461K, committed 104620K, reserved 1140736K
  class space    used 13003K, capacity 14010K, committed 14080K, reserved 1048576K
}
Event: 102.867 GC heap after
{Heap after GC invocations=48 (full 0):
 garbage-first heap   total 311296K, used 106246K [0x0000000080000000, 0x0000000100000000)
  region size 1024K, 16 young (16384K), 16 survivors (16384K)
 Metaspace       used 101689K, capacity 104461K, committed 104620K, reserved 1140736K
  class space    used 13003K, capacity 14010K, committed 14080K, reserved 1048576K
}

